<?xml version="1.0" encoding="UTF-8"?>
<testsuite name="SILab2Test" tests="2" skipped="0" failures="0" errors="0" timestamp="2023-05-31T16:53:10" hostname="DESKTOP-36PUMOS" time="0.022">
  <properties/>
  <testcase name="functionEveryBranch()" classname="SILab2Test" time="0.019"/>
  <testcase name="functionMultipleConditions()" classname="SILab2Test" time="0.002"/>
  <system-out><![CDATA[]]></system-out>
  <system-err><![CDATA[]]></system-err>
</testsuite>
